<?xml version="1.0" encoding="utf-8" standalone="no"?>
<!--This file represents the results of running a test suite-->
<test-results name="C:\Users\marcelsteiner\projects\TeamcityNotifier\source\TeamcityNotifier.Test\bin\Release\TeamcityNotifier.Test.dll" total="2" errors="0" failures="0" not-run="0" inconclusive="0" ignored="0" skipped="0" invalid="0" date="2013-11-06" time="17:16:10">
  <environment nunit-version="2.6.2.12296" clr-version="2.0.50727.6407" os-version="Microsoft Windows NT 6.2.9200.0" platform="Win32NT" cwd="C:\Users\marcelsteiner\projects\TeamcityNotifier\Scripts" machine-name="IPMAN" user="marcelsteiner" user-domain="BBV" />
  <culture-info current-culture="de-CH" current-uiculture="en-US" />
  <test-suite type="Assembly" name="C:\Users\marcelsteiner\projects\TeamcityNotifier\source\TeamcityNotifier.Test\bin\Release\TeamcityNotifier.Test.dll" executed="True" result="Success" success="True" time="0.849" asserts="0">
    <results>
      <test-suite type="Namespace" name="TeamcityNotifier" executed="True" result="Success" success="True" time="0.843" asserts="0">
        <results>
          <test-suite type="Namespace" name="Test" executed="True" result="Success" success="True" time="0.843" asserts="0">
            <results>
              <test-suite type="TestFixture" name="RestFactoryTest" executed="True" result="Success" success="True" time="0.842" asserts="0">
                <results>
                  <test-case name="TeamcityNotifier.Test.RestFactoryTest.CreateServer_WhenAServerisConfigured_ThenReturnTheConfiguredServer" executed="True" result="Success" success="True" time="0.831" asserts="0" />
                  <test-case name="TeamcityNotifier.Test.RestFactoryTest.CreateServer_WhenTwoServersAreConfigured_ThenReturnTwoServers" executed="True" result="Success" success="True" time="0.005" asserts="0" />
                </results>
              </test-suite>
            </results>
          </test-suite>
        </results>
      </test-suite>
    </results>
  </test-suite>
</test-results>