<?xml version="1.0" encoding="utf-8" standalone="no"?>
<!--This file represents the results of running a test suite-->
<test-results name="C:\Users\Marcel\Projects\TeamCityNotifier\source\TeamcityNotifier.Test\bin\Release\TeamcityNotifier.Test.dll" total="7" errors="0" failures="0" not-run="0" inconclusive="0" ignored="0" skipped="0" invalid="0" date="2013-11-10" time="22:41:50">
  <environment nunit-version="2.6.2.12296" clr-version="2.0.50727.7905" os-version="Microsoft Windows NT 6.2.9200.0" platform="Win32NT" cwd="C:\Users\Marcel\Projects\TeamCityNotifier\Scripts" machine-name="MARCEL-WS" user="Marcel" user-domain="MARCEL-WS" />
  <culture-info current-culture="de-CH" current-uiculture="en-US" />
  <test-suite type="Assembly" name="C:\Users\Marcel\Projects\TeamCityNotifier\source\TeamcityNotifier.Test\bin\Release\TeamcityNotifier.Test.dll" executed="True" result="Success" success="True" time="0.541" asserts="0">
    <results>
      <test-suite type="Namespace" name="TeamcityNotifier" executed="True" result="Success" success="True" time="0.537" asserts="0">
        <results>
          <test-suite type="Namespace" name="Test" executed="True" result="Success" success="True" time="0.536" asserts="0">
            <results>
              <test-suite type="TestFixture" name="RestFactoryTest" executed="True" result="Success" success="True" time="0.517" asserts="0">
                <results>
                  <test-case name="TeamcityNotifier.Test.RestFactoryTest.CreateProjects_WhenNoProjectIsAvaiable_NoProjectIsReturned" executed="True" result="Success" success="True" time="0.478" asserts="0" />
                  <test-case name="TeamcityNotifier.Test.RestFactoryTest.CreateProjects_WhenOneProjectIsAvaiable_ThisProjectIsReturned" executed="True" result="Success" success="True" time="0.006" asserts="0" />
                  <test-case name="TeamcityNotifier.Test.RestFactoryTest.CreateProjects_WhenTwoProjectsAreAvaiable_TwoProjectsAreReturned" executed="True" result="Success" success="True" time="0.009" asserts="0" />
                  <test-case name="TeamcityNotifier.Test.RestFactoryTest.CreateServer_WhenAServerIsConfigured_ThenReturnTheConfiguredServer" executed="True" result="Success" success="True" time="0.009" asserts="0" />
                  <test-case name="TeamcityNotifier.Test.RestFactoryTest.CreateServer_WhenNoConfigurationExists_NoServerIsReturned" executed="True" result="Success" success="True" time="0.003" asserts="0" />
                  <test-case name="TeamcityNotifier.Test.RestFactoryTest.CreateServer_WhenTwoServersAreConfigured_ThenReturnTwoServers" executed="True" result="Success" success="True" time="0.003" asserts="0" />
                </results>
              </test-suite>
              <test-suite type="TestFixture" name="ServerTest" executed="True" result="Success" success="True" time="0.018" asserts="0">
                <results>
                  <test-case name="TeamcityNotifier.Test.ServerTest.GetServers_WhenFactoryIsValid_FactoryIsCalled" executed="True" result="Success" success="True" time="0.016" asserts="0" />
                </results>
              </test-suite>
            </results>
          </test-suite>
        </results>
      </test-suite>
    </results>
  </test-suite>
</test-results>