<?xml version="1.0" encoding="utf-8" standalone="no"?>
<!--This file represents the results of running a test suite-->
<test-results name="C:\Users\Tobi\Documents\1.9_Unterlagen_bbv\5_Jahrsziele\TeamcityNotifier\TeamcityNotifier\source\TeamcityNotifier.Test\bin\Release\TeamcityNotifier.Test.dll" total="1" errors="0" failures="0" not-run="0" inconclusive="0" ignored="0" skipped="0" invalid="0" date="2013-09-02" time="16:05:56">
  <environment nunit-version="2.6.2.12296" clr-version="2.0.50727.6407" os-version="Microsoft Windows NT 6.2.9200.0" platform="Win32NT" cwd="C:\Users\Tobi\Documents\1.9_Unterlagen_bbv\5_Jahrsziele\TeamcityNotifier\TeamcityNotifier\Scripts" machine-name="TOBI-PC" user="Tobi" user-domain="Tobi-PC" />
  <culture-info current-culture="de-DE" current-uiculture="de-DE" />
  <test-suite type="Assembly" name="C:\Users\Tobi\Documents\1.9_Unterlagen_bbv\5_Jahrsziele\TeamcityNotifier\TeamcityNotifier\source\TeamcityNotifier.Test\bin\Release\TeamcityNotifier.Test.dll" executed="True" result="Success" success="True" time="0.087" asserts="0">
    <results>
      <test-suite type="Namespace" name="TeamcityNotifier" executed="True" result="Success" success="True" time="0.064" asserts="0">
        <results>
          <test-suite type="Namespace" name="Test" executed="True" result="Success" success="True" time="0.063" asserts="0">
            <results>
              <test-suite type="TestFixture" name="NotifierTest" executed="True" result="Success" success="True" time="0.060" asserts="0">
                <results>
                  <test-case name="TeamcityNotifier.Test.NotifierTest.CheckBuildServerRunning" executed="True" result="Success" success="True" time="0.044" asserts="1" />
                </results>
              </test-suite>
            </results>
          </test-suite>
        </results>
      </test-suite>
    </results>
  </test-suite>
</test-results>